<?xml version="1.0" encoding="UTF-8"?>
<testsuite xmlns:xsi="http://www.w3.org/2001/XMLSchema-instance" xsi:noNamespaceSchemaLocation="https://maven.apache.org/surefire/maven-surefire-plugin/xsd/surefire-test-report.xsd" name="br.com.monitoratec.emissor.EmissorApplicationTests" time="1.724" tests="1" errors="0" skipped="0" failures="0">
  <properties>
    <property name="java.specification.version" value="13"/>
    <property name="sun.cpu.isalist" value="amd64"/>
    <property name="sun.jnu.encoding" value="Cp1252"/>
    <property name="java.class.path" value="C:\Users\Igor\Development\Courses\KafkaCourse\handsOn\emissor\target\test-classes;C:\Users\Igor\Development\Courses\KafkaCourse\handsOn\emissor\target\classes;C:\Users\Igor\.m2\repository\org\springframework\boot\spring-boot-starter\2.3.2.RELEASE\spring-boot-starter-2.3.2.RELEASE.jar;C:\Users\Igor\.m2\repository\org\springframework\boot\spring-boot\2.3.2.RELEASE\spring-boot-2.3.2.RELEASE.jar;C:\Users\Igor\.m2\repository\org\springframework\boot\spring-boot-autoconfigure\2.3.2.RELEASE\spring-boot-autoconfigure-2.3.2.RELEASE.jar;C:\Users\Igor\.m2\repository\org\springframework\boot\spring-boot-starter-logging\2.3.2.RELEASE\spring-boot-starter-logging-2.3.2.RELEASE.jar;C:\Users\Igor\.m2\repository\ch\qos\logback\logback-classic\1.2.3\logback-classic-1.2.3.jar;C:\Users\Igor\.m2\repository\ch\qos\logback\logback-core\1.2.3\logback-core-1.2.3.jar;C:\Users\Igor\.m2\repository\org\apache\logging\log4j\log4j-to-slf4j\2.13.3\log4j-to-slf4j-2.13.3.jar;C:\Users\Igor\.m2\repository\org\apache\logging\log4j\log4j-api\2.13.3\log4j-api-2.13.3.jar;C:\Users\Igor\.m2\repository\org\slf4j\jul-to-slf4j\1.7.30\jul-to-slf4j-1.7.30.jar;C:\Users\Igor\.m2\repository\jakarta\annotation\jakarta.annotation-api\1.3.5\jakarta.annotation-api-1.3.5.jar;C:\Users\Igor\.m2\repository\org\springframework\spring-core\5.2.8.RELEASE\spring-core-5.2.8.RELEASE.jar;C:\Users\Igor\.m2\repository\org\springframework\spring-jcl\5.2.8.RELEASE\spring-jcl-5.2.8.RELEASE.jar;C:\Users\Igor\.m2\repository\org\yaml\snakeyaml\1.26\snakeyaml-1.26.jar;C:\Users\Igor\.m2\repository\org\springframework\kafka\spring-kafka\2.5.4.RELEASE\spring-kafka-2.5.4.RELEASE.jar;C:\Users\Igor\.m2\repository\org\springframework\spring-context\5.2.8.RELEASE\spring-context-5.2.8.RELEASE.jar;C:\Users\Igor\.m2\repository\org\springframework\spring-aop\5.2.8.RELEASE\spring-aop-5.2.8.RELEASE.jar;C:\Users\Igor\.m2\repository\org\springframework\spring-beans\5.2.8.RELEASE\spring-beans-5.2.8.RELEASE.jar;C:\Users\Igor\.m2\repository\org\springframework\spring-expression\5.2.8.RELEASE\spring-expression-5.2.8.RELEASE.jar;C:\Users\Igor\.m2\repository\org\springframework\spring-messaging\5.2.8.RELEASE\spring-messaging-5.2.8.RELEASE.jar;C:\Users\Igor\.m2\repository\org\springframework\spring-tx\5.2.8.RELEASE\spring-tx-5.2.8.RELEASE.jar;C:\Users\Igor\.m2\repository\org\springframework\retry\spring-retry\1.2.5.RELEASE\spring-retry-1.2.5.RELEASE.jar;C:\Users\Igor\.m2\repository\org\apache\kafka\kafka-clients\2.5.0\kafka-clients-2.5.0.jar;C:\Users\Igor\.m2\repository\com\github\luben\zstd-jni\1.4.4-7\zstd-jni-1.4.4-7.jar;C:\Users\Igor\.m2\repository\org\lz4\lz4-java\1.7.1\lz4-java-1.7.1.jar;C:\Users\Igor\.m2\repository\org\xerial\snappy\snappy-java\1.1.7.3\snappy-java-1.1.7.3.jar;C:\Users\Igor\.m2\repository\io\confluent\kafka-avro-serializer\5.5.0\kafka-avro-serializer-5.5.0.jar;C:\Users\Igor\.m2\repository\io\confluent\kafka-schema-serializer\5.5.0\kafka-schema-serializer-5.5.0.jar;C:\Users\Igor\.m2\repository\io\confluent\kafka-schema-registry-client\5.5.0\kafka-schema-registry-client-5.5.0.jar;C:\Users\Igor\.m2\repository\org\glassfish\jersey\ext\jersey-bean-validation\2.30.1\jersey-bean-validation-2.30.1.jar;C:\Users\Igor\.m2\repository\org\glassfish\hk2\external\jakarta.inject\2.6.1\jakarta.inject-2.6.1.jar;C:\Users\Igor\.m2\repository\org\glassfish\jersey\core\jersey-common\2.30.1\jersey-common-2.30.1.jar;C:\Users\Igor\.m2\repository\org\glassfish\hk2\osgi-resource-locator\1.0.3\osgi-resource-locator-1.0.3.jar;C:\Users\Igor\.m2\repository\com\sun\activation\jakarta.activation\1.2.2\jakarta.activation-1.2.2.jar;C:\Users\Igor\.m2\repository\org\glassfish\jersey\core\jersey-server\2.30.1\jersey-server-2.30.1.jar;C:\Users\Igor\.m2\repository\org\glassfish\jersey\core\jersey-client\2.30.1\jersey-client-2.30.1.jar;C:\Users\Igor\.m2\repository\org\glassfish\jersey\media\jersey-media-jaxb\2.30.1\jersey-media-jaxb-2.30.1.jar;C:\Users\Igor\.m2\repository\jakarta\validation\jakarta.validation-api\2.0.2\jakarta.validation-api-2.0.2.jar;C:\Users\Igor\.m2\repository\org\hibernate\validator\hibernate-validator\6.1.5.Final\hibernate-validator-6.1.5.Final.jar;C:\Users\Igor\.m2\repository\org\jboss\logging\jboss-logging\3.4.1.Final\jboss-logging-3.4.1.Final.jar;C:\Users\Igor\.m2\repository\com\fasterxml\classmate\1.5.1\classmate-1.5.1.jar;C:\Users\Igor\.m2\repository\jakarta\el\jakarta.el-api\3.0.3\jakarta.el-api-3.0.3.jar;C:\Users\Igor\.m2\repository\org\glassfish\jakarta.el\3.0.3\jakarta.el-3.0.3.jar;C:\Users\Igor\.m2\repository\jakarta\ws\rs\jakarta.ws.rs-api\2.1.6\jakarta.ws.rs-api-2.1.6.jar;C:\Users\Igor\.m2\repository\io\swagger\swagger-annotations\1.5.22\swagger-annotations-1.5.22.jar;C:\Users\Igor\.m2\repository\io\swagger\swagger-core\1.5.3\swagger-core-1.5.3.jar;C:\Users\Igor\.m2\repository\org\apache\commons\commons-lang3\3.10\commons-lang3-3.10.jar;C:\Users\Igor\.m2\repository\com\fasterxml\jackson\datatype\jackson-datatype-joda\2.11.1\jackson-datatype-joda-2.11.1.jar;C:\Users\Igor\.m2\repository\joda-time\joda-time\2.9.9\joda-time-2.9.9.jar;C:\Users\Igor\.m2\repository\com\fasterxml\jackson\dataformat\jackson-dataformat-yaml\2.11.1\jackson-dataformat-yaml-2.11.1.jar;C:\Users\Igor\.m2\repository\io\swagger\swagger-models\1.5.3\swagger-models-1.5.3.jar;C:\Users\Igor\.m2\repository\com\google\guava\guava\18.0\guava-18.0.jar;C:\Users\Igor\.m2\repository\io\confluent\common-config\5.5.0\common-config-5.5.0.jar;C:\Users\Igor\.m2\repository\io\confluent\common-utils\5.5.0\common-utils-5.5.0.jar;C:\Users\Igor\.m2\repository\org\apache\avro\avro\1.9.2\avro-1.9.2.jar;C:\Users\Igor\.m2\repository\com\fasterxml\jackson\core\jackson-core\2.11.1\jackson-core-2.11.1.jar;C:\Users\Igor\.m2\repository\com\fasterxml\jackson\core\jackson-databind\2.11.1\jackson-databind-2.11.1.jar;C:\Users\Igor\.m2\repository\com\fasterxml\jackson\core\jackson-annotations\2.11.1\jackson-annotations-2.11.1.jar;C:\Users\Igor\.m2\repository\org\apache\commons\commons-compress\1.19\commons-compress-1.19.jar;C:\Users\Igor\.m2\repository\org\slf4j\slf4j-api\1.7.30\slf4j-api-1.7.30.jar;C:\Users\Igor\.m2\repository\org\springframework\boot\spring-boot-starter-test\2.3.2.RELEASE\spring-boot-starter-test-2.3.2.RELEASE.jar;C:\Users\Igor\.m2\repository\org\springframework\boot\spring-boot-test\2.3.2.RELEASE\spring-boot-test-2.3.2.RELEASE.jar;C:\Users\Igor\.m2\repository\org\springframework\boot\spring-boot-test-autoconfigure\2.3.2.RELEASE\spring-boot-test-autoconfigure-2.3.2.RELEASE.jar;C:\Users\Igor\.m2\repository\com\jayway\jsonpath\json-path\2.4.0\json-path-2.4.0.jar;C:\Users\Igor\.m2\repository\net\minidev\json-smart\2.3\json-smart-2.3.jar;C:\Users\Igor\.m2\repository\net\minidev\accessors-smart\1.2\accessors-smart-1.2.jar;C:\Users\Igor\.m2\repository\org\ow2\asm\asm\5.0.4\asm-5.0.4.jar;C:\Users\Igor\.m2\repository\jakarta\xml\bind\jakarta.xml.bind-api\2.3.3\jakarta.xml.bind-api-2.3.3.jar;C:\Users\Igor\.m2\repository\jakarta\activation\jakarta.activation-api\1.2.2\jakarta.activation-api-1.2.2.jar;C:\Users\Igor\.m2\repository\org\assertj\assertj-core\3.16.1\assertj-core-3.16.1.jar;C:\Users\Igor\.m2\repository\org\hamcrest\hamcrest\2.2\hamcrest-2.2.jar;C:\Users\Igor\.m2\repository\org\junit\jupiter\junit-jupiter\5.6.2\junit-jupiter-5.6.2.jar;C:\Users\Igor\.m2\repository\org\junit\jupiter\junit-jupiter-params\5.6.2\junit-jupiter-params-5.6.2.jar;C:\Users\Igor\.m2\repository\org\junit\jupiter\junit-jupiter-engine\5.6.2\junit-jupiter-engine-5.6.2.jar;C:\Users\Igor\.m2\repository\org\junit\platform\junit-platform-engine\1.6.2\junit-platform-engine-1.6.2.jar;C:\Users\Igor\.m2\repository\org\mockito\mockito-core\3.3.3\mockito-core-3.3.3.jar;C:\Users\Igor\.m2\repository\net\bytebuddy\byte-buddy\1.10.13\byte-buddy-1.10.13.jar;C:\Users\Igor\.m2\repository\net\bytebuddy\byte-buddy-agent\1.10.13\byte-buddy-agent-1.10.13.jar;C:\Users\Igor\.m2\repository\org\objenesis\objenesis\2.6\objenesis-2.6.jar;C:\Users\Igor\.m2\repository\org\mockito\mockito-junit-jupiter\3.3.3\mockito-junit-jupiter-3.3.3.jar;C:\Users\Igor\.m2\repository\org\skyscreamer\jsonassert\1.5.0\jsonassert-1.5.0.jar;C:\Users\Igor\.m2\repository\com\vaadin\external\google\android-json\0.0.20131108.vaadin1\android-json-0.0.20131108.vaadin1.jar;C:\Users\Igor\.m2\repository\org\springframework\spring-test\5.2.8.RELEASE\spring-test-5.2.8.RELEASE.jar;C:\Users\Igor\.m2\repository\org\xmlunit\xmlunit-core\2.7.0\xmlunit-core-2.7.0.jar;C:\Users\Igor\.m2\repository\org\springframework\kafka\spring-kafka-test\2.5.4.RELEASE\spring-kafka-test-2.5.4.RELEASE.jar;C:\Users\Igor\.m2\repository\org\apache\kafka\kafka-clients\2.5.0\kafka-clients-2.5.0-test.jar;C:\Users\Igor\.m2\repository\org\apache\kafka\kafka-streams\2.5.0\kafka-streams-2.5.0.jar;C:\Users\Igor\.m2\repository\org\apache\kafka\connect-json\2.5.0\connect-json-2.5.0.jar;C:\Users\Igor\.m2\repository\org\apache\kafka\connect-api\2.5.0\connect-api-2.5.0.jar;C:\Users\Igor\.m2\repository\org\rocksdb\rocksdbjni\5.18.3\rocksdbjni-5.18.3.jar;C:\Users\Igor\.m2\repository\org\apache\kafka\kafka-streams-test-utils\2.5.0\kafka-streams-test-utils-2.5.0.jar;C:\Users\Igor\.m2\repository\org\apache\kafka\kafka_2.12\2.5.0\kafka_2.12-2.5.0.jar;C:\Users\Igor\.m2\repository\com\fasterxml\jackson\module\jackson-module-scala_2.12\2.11.1\jackson-module-scala_2.12-2.11.1.jar;C:\Users\Igor\.m2\repository\com\fasterxml\jackson\module\jackson-module-paranamer\2.11.1\jackson-module-paranamer-2.11.1.jar;C:\Users\Igor\.m2\repository\com\thoughtworks\paranamer\paranamer\2.8\paranamer-2.8.jar;C:\Users\Igor\.m2\repository\com\fasterxml\jackson\dataformat\jackson-dataformat-csv\2.11.1\jackson-dataformat-csv-2.11.1.jar;C:\Users\Igor\.m2\repository\com\fasterxml\jackson\datatype\jackson-datatype-jdk8\2.11.1\jackson-datatype-jdk8-2.11.1.jar;C:\Users\Igor\.m2\repository\net\sf\jopt-simple\jopt-simple\5.0.4\jopt-simple-5.0.4.jar;C:\Users\Igor\.m2\repository\com\yammer\metrics\metrics-core\2.2.0\metrics-core-2.2.0.jar;C:\Users\Igor\.m2\repository\org\scala-lang\modules\scala-collection-compat_2.12\2.1.3\scala-collection-compat_2.12-2.1.3.jar;C:\Users\Igor\.m2\repository\org\scala-lang\modules\scala-java8-compat_2.12\0.9.0\scala-java8-compat_2.12-0.9.0.jar;C:\Users\Igor\.m2\repository\org\scala-lang\scala-library\2.12.10\scala-library-2.12.10.jar;C:\Users\Igor\.m2\repository\org\scala-lang\scala-reflect\2.12.10\scala-reflect-2.12.10.jar;C:\Users\Igor\.m2\repository\com\typesafe\scala-logging\scala-logging_2.12\3.9.2\scala-logging_2.12-3.9.2.jar;C:\Users\Igor\.m2\repository\org\apache\zookeeper\zookeeper\3.5.7\zookeeper-3.5.7.jar;C:\Users\Igor\.m2\repository\org\apache\zookeeper\zookeeper-jute\3.5.7\zookeeper-jute-3.5.7.jar;C:\Users\Igor\.m2\repository\org\apache\yetus\audience-annotations\0.5.0\audience-annotations-0.5.0.jar;C:\Users\Igor\.m2\repository\io\netty\netty-handler\4.1.51.Final\netty-handler-4.1.51.Final.jar;C:\Users\Igor\.m2\repository\io\netty\netty-common\4.1.51.Final\netty-common-4.1.51.Final.jar;C:\Users\Igor\.m2\repository\io\netty\netty-resolver\4.1.51.Final\netty-resolver-4.1.51.Final.jar;C:\Users\Igor\.m2\repository\io\netty\netty-buffer\4.1.51.Final\netty-buffer-4.1.51.Final.jar;C:\Users\Igor\.m2\repository\io\netty\netty-transport\4.1.51.Final\netty-transport-4.1.51.Final.jar;C:\Users\Igor\.m2\repository\io\netty\netty-codec\4.1.51.Final\netty-codec-4.1.51.Final.jar;C:\Users\Igor\.m2\repository\io\netty\netty-transport-native-epoll\4.1.51.Final\netty-transport-native-epoll-4.1.51.Final.jar;C:\Users\Igor\.m2\repository\io\netty\netty-transport-native-unix-common\4.1.51.Final\netty-transport-native-unix-common-4.1.51.Final.jar;C:\Users\Igor\.m2\repository\commons-cli\commons-cli\1.4\commons-cli-1.4.jar;C:\Users\Igor\.m2\repository\org\apache\kafka\kafka_2.12\2.5.0\kafka_2.12-2.5.0-test.jar;C:\Users\Igor\.m2\repository\org\junit\jupiter\junit-jupiter-api\5.6.2\junit-jupiter-api-5.6.2.jar;C:\Users\Igor\.m2\repository\org\apiguardian\apiguardian-api\1.1.0\apiguardian-api-1.1.0.jar;C:\Users\Igor\.m2\repository\org\opentest4j\opentest4j\1.2.0\opentest4j-1.2.0.jar;C:\Users\Igor\.m2\repository\org\junit\platform\junit-platform-commons\1.6.2\junit-platform-commons-1.6.2.jar;"/>
    <property name="java.vm.vendor" value="Oracle Corporation"/>
    <property name="sun.arch.data.model" value="64"/>
    <property name="user.variant" value=""/>
    <property name="java.vendor.url" value="https://java.oracle.com/"/>
    <property name="user.timezone" value="America/Sao_Paulo"/>
    <property name="os.name" value="Windows 10"/>
    <property name="java.vm.specification.version" value="13"/>
    <property name="sun.java.launcher" value="SUN_STANDARD"/>
    <property name="user.country" value="GB"/>
    <property name="sun.boot.library.path" value="C:\Program Files\Java\jdk-13.0.2\bin"/>
    <property name="sun.java.command" value="C:\Users\Igor\AppData\Local\Temp\surefire974720499998295145\surefirebooter16006363780520766076.jar C:\Users\Igor\AppData\Local\Temp\surefire974720499998295145 2020-08-05T18-45-25_900-jvmRun1 surefire1664583694316479445tmp surefire_06687231122654499270tmp"/>
    <property name="jdk.debug" value="release"/>
    <property name="surefire.test.class.path" value="C:\Users\Igor\Development\Courses\KafkaCourse\handsOn\emissor\target\test-classes;C:\Users\Igor\Development\Courses\KafkaCourse\handsOn\emissor\target\classes;C:\Users\Igor\.m2\repository\org\springframework\boot\spring-boot-starter\2.3.2.RELEASE\spring-boot-starter-2.3.2.RELEASE.jar;C:\Users\Igor\.m2\repository\org\springframework\boot\spring-boot\2.3.2.RELEASE\spring-boot-2.3.2.RELEASE.jar;C:\Users\Igor\.m2\repository\org\springframework\boot\spring-boot-autoconfigure\2.3.2.RELEASE\spring-boot-autoconfigure-2.3.2.RELEASE.jar;C:\Users\Igor\.m2\repository\org\springframework\boot\spring-boot-starter-logging\2.3.2.RELEASE\spring-boot-starter-logging-2.3.2.RELEASE.jar;C:\Users\Igor\.m2\repository\ch\qos\logback\logback-classic\1.2.3\logback-classic-1.2.3.jar;C:\Users\Igor\.m2\repository\ch\qos\logback\logback-core\1.2.3\logback-core-1.2.3.jar;C:\Users\Igor\.m2\repository\org\apache\logging\log4j\log4j-to-slf4j\2.13.3\log4j-to-slf4j-2.13.3.jar;C:\Users\Igor\.m2\repository\org\apache\logging\log4j\log4j-api\2.13.3\log4j-api-2.13.3.jar;C:\Users\Igor\.m2\repository\org\slf4j\jul-to-slf4j\1.7.30\jul-to-slf4j-1.7.30.jar;C:\Users\Igor\.m2\repository\jakarta\annotation\jakarta.annotation-api\1.3.5\jakarta.annotation-api-1.3.5.jar;C:\Users\Igor\.m2\repository\org\springframework\spring-core\5.2.8.RELEASE\spring-core-5.2.8.RELEASE.jar;C:\Users\Igor\.m2\repository\org\springframework\spring-jcl\5.2.8.RELEASE\spring-jcl-5.2.8.RELEASE.jar;C:\Users\Igor\.m2\repository\org\yaml\snakeyaml\1.26\snakeyaml-1.26.jar;C:\Users\Igor\.m2\repository\org\springframework\kafka\spring-kafka\2.5.4.RELEASE\spring-kafka-2.5.4.RELEASE.jar;C:\Users\Igor\.m2\repository\org\springframework\spring-context\5.2.8.RELEASE\spring-context-5.2.8.RELEASE.jar;C:\Users\Igor\.m2\repository\org\springframework\spring-aop\5.2.8.RELEASE\spring-aop-5.2.8.RELEASE.jar;C:\Users\Igor\.m2\repository\org\springframework\spring-beans\5.2.8.RELEASE\spring-beans-5.2.8.RELEASE.jar;C:\Users\Igor\.m2\repository\org\springframework\spring-expression\5.2.8.RELEASE\spring-expression-5.2.8.RELEASE.jar;C:\Users\Igor\.m2\repository\org\springframework\spring-messaging\5.2.8.RELEASE\spring-messaging-5.2.8.RELEASE.jar;C:\Users\Igor\.m2\repository\org\springframework\spring-tx\5.2.8.RELEASE\spring-tx-5.2.8.RELEASE.jar;C:\Users\Igor\.m2\repository\org\springframework\retry\spring-retry\1.2.5.RELEASE\spring-retry-1.2.5.RELEASE.jar;C:\Users\Igor\.m2\repository\org\apache\kafka\kafka-clients\2.5.0\kafka-clients-2.5.0.jar;C:\Users\Igor\.m2\repository\com\github\luben\zstd-jni\1.4.4-7\zstd-jni-1.4.4-7.jar;C:\Users\Igor\.m2\repository\org\lz4\lz4-java\1.7.1\lz4-java-1.7.1.jar;C:\Users\Igor\.m2\repository\org\xerial\snappy\snappy-java\1.1.7.3\snappy-java-1.1.7.3.jar;C:\Users\Igor\.m2\repository\io\confluent\kafka-avro-serializer\5.5.0\kafka-avro-serializer-5.5.0.jar;C:\Users\Igor\.m2\repository\io\confluent\kafka-schema-serializer\5.5.0\kafka-schema-serializer-5.5.0.jar;C:\Users\Igor\.m2\repository\io\confluent\kafka-schema-registry-client\5.5.0\kafka-schema-registry-client-5.5.0.jar;C:\Users\Igor\.m2\repository\org\glassfish\jersey\ext\jersey-bean-validation\2.30.1\jersey-bean-validation-2.30.1.jar;C:\Users\Igor\.m2\repository\org\glassfish\hk2\external\jakarta.inject\2.6.1\jakarta.inject-2.6.1.jar;C:\Users\Igor\.m2\repository\org\glassfish\jersey\core\jersey-common\2.30.1\jersey-common-2.30.1.jar;C:\Users\Igor\.m2\repository\org\glassfish\hk2\osgi-resource-locator\1.0.3\osgi-resource-locator-1.0.3.jar;C:\Users\Igor\.m2\repository\com\sun\activation\jakarta.activation\1.2.2\jakarta.activation-1.2.2.jar;C:\Users\Igor\.m2\repository\org\glassfish\jersey\core\jersey-server\2.30.1\jersey-server-2.30.1.jar;C:\Users\Igor\.m2\repository\org\glassfish\jersey\core\jersey-client\2.30.1\jersey-client-2.30.1.jar;C:\Users\Igor\.m2\repository\org\glassfish\jersey\media\jersey-media-jaxb\2.30.1\jersey-media-jaxb-2.30.1.jar;C:\Users\Igor\.m2\repository\jakarta\validation\jakarta.validation-api\2.0.2\jakarta.validation-api-2.0.2.jar;C:\Users\Igor\.m2\repository\org\hibernate\validator\hibernate-validator\6.1.5.Final\hibernate-validator-6.1.5.Final.jar;C:\Users\Igor\.m2\repository\org\jboss\logging\jboss-logging\3.4.1.Final\jboss-logging-3.4.1.Final.jar;C:\Users\Igor\.m2\repository\com\fasterxml\classmate\1.5.1\classmate-1.5.1.jar;C:\Users\Igor\.m2\repository\jakarta\el\jakarta.el-api\3.0.3\jakarta.el-api-3.0.3.jar;C:\Users\Igor\.m2\repository\org\glassfish\jakarta.el\3.0.3\jakarta.el-3.0.3.jar;C:\Users\Igor\.m2\repository\jakarta\ws\rs\jakarta.ws.rs-api\2.1.6\jakarta.ws.rs-api-2.1.6.jar;C:\Users\Igor\.m2\repository\io\swagger\swagger-annotations\1.5.22\swagger-annotations-1.5.22.jar;C:\Users\Igor\.m2\repository\io\swagger\swagger-core\1.5.3\swagger-core-1.5.3.jar;C:\Users\Igor\.m2\repository\org\apache\commons\commons-lang3\3.10\commons-lang3-3.10.jar;C:\Users\Igor\.m2\repository\com\fasterxml\jackson\datatype\jackson-datatype-joda\2.11.1\jackson-datatype-joda-2.11.1.jar;C:\Users\Igor\.m2\repository\joda-time\joda-time\2.9.9\joda-time-2.9.9.jar;C:\Users\Igor\.m2\repository\com\fasterxml\jackson\dataformat\jackson-dataformat-yaml\2.11.1\jackson-dataformat-yaml-2.11.1.jar;C:\Users\Igor\.m2\repository\io\swagger\swagger-models\1.5.3\swagger-models-1.5.3.jar;C:\Users\Igor\.m2\repository\com\google\guava\guava\18.0\guava-18.0.jar;C:\Users\Igor\.m2\repository\io\confluent\common-config\5.5.0\common-config-5.5.0.jar;C:\Users\Igor\.m2\repository\io\confluent\common-utils\5.5.0\common-utils-5.5.0.jar;C:\Users\Igor\.m2\repository\org\apache\avro\avro\1.9.2\avro-1.9.2.jar;C:\Users\Igor\.m2\repository\com\fasterxml\jackson\core\jackson-core\2.11.1\jackson-core-2.11.1.jar;C:\Users\Igor\.m2\repository\com\fasterxml\jackson\core\jackson-databind\2.11.1\jackson-databind-2.11.1.jar;C:\Users\Igor\.m2\repository\com\fasterxml\jackson\core\jackson-annotations\2.11.1\jackson-annotations-2.11.1.jar;C:\Users\Igor\.m2\repository\org\apache\commons\commons-compress\1.19\commons-compress-1.19.jar;C:\Users\Igor\.m2\repository\org\slf4j\slf4j-api\1.7.30\slf4j-api-1.7.30.jar;C:\Users\Igor\.m2\repository\org\springframework\boot\spring-boot-starter-test\2.3.2.RELEASE\spring-boot-starter-test-2.3.2.RELEASE.jar;C:\Users\Igor\.m2\repository\org\springframework\boot\spring-boot-test\2.3.2.RELEASE\spring-boot-test-2.3.2.RELEASE.jar;C:\Users\Igor\.m2\repository\org\springframework\boot\spring-boot-test-autoconfigure\2.3.2.RELEASE\spring-boot-test-autoconfigure-2.3.2.RELEASE.jar;C:\Users\Igor\.m2\repository\com\jayway\jsonpath\json-path\2.4.0\json-path-2.4.0.jar;C:\Users\Igor\.m2\repository\net\minidev\json-smart\2.3\json-smart-2.3.jar;C:\Users\Igor\.m2\repository\net\minidev\accessors-smart\1.2\accessors-smart-1.2.jar;C:\Users\Igor\.m2\repository\org\ow2\asm\asm\5.0.4\asm-5.0.4.jar;C:\Users\Igor\.m2\repository\jakarta\xml\bind\jakarta.xml.bind-api\2.3.3\jakarta.xml.bind-api-2.3.3.jar;C:\Users\Igor\.m2\repository\jakarta\activation\jakarta.activation-api\1.2.2\jakarta.activation-api-1.2.2.jar;C:\Users\Igor\.m2\repository\org\assertj\assertj-core\3.16.1\assertj-core-3.16.1.jar;C:\Users\Igor\.m2\repository\org\hamcrest\hamcrest\2.2\hamcrest-2.2.jar;C:\Users\Igor\.m2\repository\org\junit\jupiter\junit-jupiter\5.6.2\junit-jupiter-5.6.2.jar;C:\Users\Igor\.m2\repository\org\junit\jupiter\junit-jupiter-params\5.6.2\junit-jupiter-params-5.6.2.jar;C:\Users\Igor\.m2\repository\org\junit\jupiter\junit-jupiter-engine\5.6.2\junit-jupiter-engine-5.6.2.jar;C:\Users\Igor\.m2\repository\org\junit\platform\junit-platform-engine\1.6.2\junit-platform-engine-1.6.2.jar;C:\Users\Igor\.m2\repository\org\mockito\mockito-core\3.3.3\mockito-core-3.3.3.jar;C:\Users\Igor\.m2\repository\net\bytebuddy\byte-buddy\1.10.13\byte-buddy-1.10.13.jar;C:\Users\Igor\.m2\repository\net\bytebuddy\byte-buddy-agent\1.10.13\byte-buddy-agent-1.10.13.jar;C:\Users\Igor\.m2\repository\org\objenesis\objenesis\2.6\objenesis-2.6.jar;C:\Users\Igor\.m2\repository\org\mockito\mockito-junit-jupiter\3.3.3\mockito-junit-jupiter-3.3.3.jar;C:\Users\Igor\.m2\repository\org\skyscreamer\jsonassert\1.5.0\jsonassert-1.5.0.jar;C:\Users\Igor\.m2\repository\com\vaadin\external\google\android-json\0.0.20131108.vaadin1\android-json-0.0.20131108.vaadin1.jar;C:\Users\Igor\.m2\repository\org\springframework\spring-test\5.2.8.RELEASE\spring-test-5.2.8.RELEASE.jar;C:\Users\Igor\.m2\repository\org\xmlunit\xmlunit-core\2.7.0\xmlunit-core-2.7.0.jar;C:\Users\Igor\.m2\repository\org\springframework\kafka\spring-kafka-test\2.5.4.RELEASE\spring-kafka-test-2.5.4.RELEASE.jar;C:\Users\Igor\.m2\repository\org\apache\kafka\kafka-clients\2.5.0\kafka-clients-2.5.0-test.jar;C:\Users\Igor\.m2\repository\org\apache\kafka\kafka-streams\2.5.0\kafka-streams-2.5.0.jar;C:\Users\Igor\.m2\repository\org\apache\kafka\connect-json\2.5.0\connect-json-2.5.0.jar;C:\Users\Igor\.m2\repository\org\apache\kafka\connect-api\2.5.0\connect-api-2.5.0.jar;C:\Users\Igor\.m2\repository\org\rocksdb\rocksdbjni\5.18.3\rocksdbjni-5.18.3.jar;C:\Users\Igor\.m2\repository\org\apache\kafka\kafka-streams-test-utils\2.5.0\kafka-streams-test-utils-2.5.0.jar;C:\Users\Igor\.m2\repository\org\apache\kafka\kafka_2.12\2.5.0\kafka_2.12-2.5.0.jar;C:\Users\Igor\.m2\repository\com\fasterxml\jackson\module\jackson-module-scala_2.12\2.11.1\jackson-module-scala_2.12-2.11.1.jar;C:\Users\Igor\.m2\repository\com\fasterxml\jackson\module\jackson-module-paranamer\2.11.1\jackson-module-paranamer-2.11.1.jar;C:\Users\Igor\.m2\repository\com\thoughtworks\paranamer\paranamer\2.8\paranamer-2.8.jar;C:\Users\Igor\.m2\repository\com\fasterxml\jackson\dataformat\jackson-dataformat-csv\2.11.1\jackson-dataformat-csv-2.11.1.jar;C:\Users\Igor\.m2\repository\com\fasterxml\jackson\datatype\jackson-datatype-jdk8\2.11.1\jackson-datatype-jdk8-2.11.1.jar;C:\Users\Igor\.m2\repository\net\sf\jopt-simple\jopt-simple\5.0.4\jopt-simple-5.0.4.jar;C:\Users\Igor\.m2\repository\com\yammer\metrics\metrics-core\2.2.0\metrics-core-2.2.0.jar;C:\Users\Igor\.m2\repository\org\scala-lang\modules\scala-collection-compat_2.12\2.1.3\scala-collection-compat_2.12-2.1.3.jar;C:\Users\Igor\.m2\repository\org\scala-lang\modules\scala-java8-compat_2.12\0.9.0\scala-java8-compat_2.12-0.9.0.jar;C:\Users\Igor\.m2\repository\org\scala-lang\scala-library\2.12.10\scala-library-2.12.10.jar;C:\Users\Igor\.m2\repository\org\scala-lang\scala-reflect\2.12.10\scala-reflect-2.12.10.jar;C:\Users\Igor\.m2\repository\com\typesafe\scala-logging\scala-logging_2.12\3.9.2\scala-logging_2.12-3.9.2.jar;C:\Users\Igor\.m2\repository\org\apache\zookeeper\zookeeper\3.5.7\zookeeper-3.5.7.jar;C:\Users\Igor\.m2\repository\org\apache\zookeeper\zookeeper-jute\3.5.7\zookeeper-jute-3.5.7.jar;C:\Users\Igor\.m2\repository\org\apache\yetus\audience-annotations\0.5.0\audience-annotations-0.5.0.jar;C:\Users\Igor\.m2\repository\io\netty\netty-handler\4.1.51.Final\netty-handler-4.1.51.Final.jar;C:\Users\Igor\.m2\repository\io\netty\netty-common\4.1.51.Final\netty-common-4.1.51.Final.jar;C:\Users\Igor\.m2\repository\io\netty\netty-resolver\4.1.51.Final\netty-resolver-4.1.51.Final.jar;C:\Users\Igor\.m2\repository\io\netty\netty-buffer\4.1.51.Final\netty-buffer-4.1.51.Final.jar;C:\Users\Igor\.m2\repository\io\netty\netty-transport\4.1.51.Final\netty-transport-4.1.51.Final.jar;C:\Users\Igor\.m2\repository\io\netty\netty-codec\4.1.51.Final\netty-codec-4.1.51.Final.jar;C:\Users\Igor\.m2\repository\io\netty\netty-transport-native-epoll\4.1.51.Final\netty-transport-native-epoll-4.1.51.Final.jar;C:\Users\Igor\.m2\repository\io\netty\netty-transport-native-unix-common\4.1.51.Final\netty-transport-native-unix-common-4.1.51.Final.jar;C:\Users\Igor\.m2\repository\commons-cli\commons-cli\1.4\commons-cli-1.4.jar;C:\Users\Igor\.m2\repository\org\apache\kafka\kafka_2.12\2.5.0\kafka_2.12-2.5.0-test.jar;C:\Users\Igor\.m2\repository\org\junit\jupiter\junit-jupiter-api\5.6.2\junit-jupiter-api-5.6.2.jar;C:\Users\Igor\.m2\repository\org\apiguardian\apiguardian-api\1.1.0\apiguardian-api-1.1.0.jar;C:\Users\Igor\.m2\repository\org\opentest4j\opentest4j\1.2.0\opentest4j-1.2.0.jar;C:\Users\Igor\.m2\repository\org\junit\platform\junit-platform-commons\1.6.2\junit-platform-commons-1.6.2.jar;"/>
    <property name="sun.cpu.endian" value="little"/>
    <property name="user.home" value="C:\Users\Igor"/>
    <property name="user.language" value="en"/>
    <property name="java.specification.vendor" value="Oracle Corporation"/>
    <property name="java.version.date" value="2020-01-14"/>
    <property name="java.home" value="C:\Program Files\Java\jdk-13.0.2"/>
    <property name="file.separator" value="\"/>
    <property name="basedir" value="C:\Users\Igor\Development\Courses\KafkaCourse\handsOn\emissor"/>
    <property name="java.vm.compressedOopsMode" value="Zero based"/>
    <property name="line.separator" value="&#10;"/>
    <property name="java.vm.specification.vendor" value="Oracle Corporation"/>
    <property name="java.specification.name" value="Java Platform API Specification"/>
    <property name="surefire.real.class.path" value="C:\Users\Igor\AppData\Local\Temp\surefire974720499998295145\surefirebooter16006363780520766076.jar"/>
    <property name="user.script" value=""/>
    <property name="sun.management.compiler" value="HotSpot 64-Bit Tiered Compilers"/>
    <property name="java.runtime.version" value="13.0.2+8"/>
    <property name="user.name" value="Igor"/>
    <property name="path.separator" value=";"/>
    <property name="os.version" value="10.0"/>
    <property name="java.runtime.name" value="Java(TM) SE Runtime Environment"/>
    <property name="file.encoding" value="Cp1252"/>
    <property name="java.vm.name" value="Java HotSpot(TM) 64-Bit Server VM"/>
    <property name="idea.version2020.1" value="true"/>
    <property name="localRepository" value="C:\Users\Igor\.m2\repository"/>
    <property name="java.vendor.url.bug" value="https://bugreport.java.com/bugreport/"/>
    <property name="java.io.tmpdir" value="C:\Users\Igor\AppData\Local\Temp\"/>
    <property name="java.version" value="13.0.2"/>
    <property name="user.dir" value="C:\Users\Igor\Development\Courses\KafkaCourse\handsOn\emissor"/>
    <property name="os.arch" value="amd64"/>
    <property name="java.vm.specification.name" value="Java Virtual Machine Specification"/>
    <property name="sun.os.patch.level" value=""/>
    <property name="java.library.path" value="C:\Program Files\Java\jdk-13.0.2\bin;C:\WINDOWS\Sun\Java\bin;C:\WINDOWS\system32;C:\WINDOWS;c:\Program Files (x86)\Common Files\Intel\Shared Libraries\redist\intel64_win\compiler;C:\Python27\;C:\Python27\Scripts;C:\WINDOWS\system32;C:\WINDOWS;C:\WINDOWS\System32\Wbem;C:\WINDOWS\System32\WindowsPowerShell\v1.0\;C:\WINDOWS\System32\OpenSSH\;C:\Program Files\dotnet\;c:\nginx\;C:\Program Files\Git\cmd;C:\Program Files\Git\bin;C:\Program Files\nodejs\;C:\ProgramData\chocolatey\bin;C:\Program Files\Java\jdk-12.0.2\bin;C:\ProgramData\chocolatey\lib\maven\apache-maven-3.6.3\bin;C:\Program Files (x86)\Microsoft SQL Server\150\DTS\Binn\;C:\Program Files\Microsoft SQL Server\130\Tools\Binn\;C:\Program Files\Microsoft SQL Server\Client SDK\ODBC\170\Tools\Binn\;C:\Users\Igor\Development\Flutter\sdk\flutter\bin;C:\Program Files\PowerShell\7\;C:\Program Files\Docker\Docker\resources\bin;C:\ProgramData\DockerDesktop\version-bin;C:\Ruby26-x64\bin;C:\Program Files (x86)\Common Files\Intel\Shared Libraries\redist\intel64_win\compiler;C:\Users\Igor\AppData\Local\Microsoft\WindowsApps;C:\Program Files\JetBrains\IntelliJ IDEA 2019.3.4\bin;;C:\Users\Igor\AppData\Roaming\npm;C:\Program Files\JetBrains\WebStorm 2019.3.4\bin;;C:\Program Files (x86)\Sophos\Sophos SSL VPN Client\bin;c:\users\igor\.gem\ruby\2.6.0\bin;;."/>
    <property name="java.vm.info" value="mixed mode, sharing"/>
    <property name="java.vendor" value="Oracle Corporation"/>
    <property name="java.vm.version" value="13.0.2+8"/>
    <property name="sun.io.unicode.encoding" value="UnicodeLittle"/>
    <property name="java.class.version" value="57.0"/>
  </properties>
  <testcase name="contextLoads" classname="br.com.monitoratec.emissor.EmissorApplicationTests" time="0.355"/>
</testsuite>